build/app/intermediates/manifest_merge_blame_file/release/manifest-merger-blame-release-report.txt
1<?xml version="1.0" encoding="utf-8"?>
2<manifest xmlns:android="http://schemas.android.com/apk/res/android"
3    package="com.example.k8todonote"
4    android:versionCode="1"
5    android:versionName="1.0.0" >
6
7    <uses-sdk
8        android:minSdkVersion="23"
8-->src/main/AndroidManifest.xml
9        android:targetSdkVersion="33" />
9-->src/main/AndroidManifest.xml
10
11    <uses-permission android:name="android.permission.INTERNET" />
11-->src/main/AndroidManifest.xml:3:5-67
11-->src/main/AndroidManifest.xml:3:22-64
12    <uses-permission android:name="android.permission.FOREGROUND_SERVICE" />
12-->[:geolocator_android] AndroidManifest.xml:9:5-77
12-->[:geolocator_android] AndroidManifest.xml:9:22-74
13    <uses-permission android:name="android.permission.RECEIVE_BOOT_COMPLETED" />
13-->[:alarm] AndroidManifest.xml:9:5-81
13-->[:alarm] AndroidManifest.xml:9:22-78
14    <uses-permission android:name="android.permission.WAKE_LOCK" />
14-->[:alarm] AndroidManifest.xml:10:5-68
14-->[:alarm] AndroidManifest.xml:10:22-65
15    <uses-permission android:name="android.permission.VIBRATE" /> <!-- For apps with targetSDK=31 (Android 12) -->
15-->[:alarm] AndroidManifest.xml:11:5-66
15-->[:alarm] AndroidManifest.xml:11:22-63
16    <uses-permission android:name="android.permission.SCHEDULE_EXACT_ALARM" />
16-->[:alarm] AndroidManifest.xml:13:5-79
16-->[:alarm] AndroidManifest.xml:13:22-76
17    <uses-permission android:name="android.permission.USE_FULL_SCREEN_INTENT" />
17-->[:flutter_local_notifications] AndroidManifest.xml:11:5-81
17-->[:flutter_local_notifications] AndroidManifest.xml:11:22-78
18    <uses-permission android:name="android.permission.POST_NOTIFICATIONS" />
18-->[:flutter_local_notifications] AndroidManifest.xml:13:5-77
18-->[:flutter_local_notifications] AndroidManifest.xml:13:22-74
19
20    <queries>
20-->[:flutter_inappwebview] AndroidManifest.xml:9:5-13:15
21        <intent>
21-->[:flutter_inappwebview] AndroidManifest.xml:10:9-12:18
22            <action android:name="android.support.customtabs.action.CustomTabsService" />
22-->[:flutter_inappwebview] AndroidManifest.xml:11:13-90
22-->[:flutter_inappwebview] AndroidManifest.xml:11:21-87
23        </intent>
24        <intent>
24-->[androidx.media2:media2-session:1.2.1] AndroidManifest.xml:25:9-27:18
25            <action android:name="android.media.browse.MediaBrowserService" />
25-->[androidx.media2:media2-session:1.2.1] AndroidManifest.xml:26:13-79
25-->[androidx.media2:media2-session:1.2.1] AndroidManifest.xml:26:21-76
26        </intent>
27        <intent>
27-->[androidx.media2:media2-session:1.2.1] AndroidManifest.xml:28:9-30:18
28            <action android:name="androidx.media2.session.MediaSessionService" />
28-->[androidx.media2:media2-session:1.2.1] AndroidManifest.xml:29:13-82
28-->[androidx.media2:media2-session:1.2.1] AndroidManifest.xml:29:21-79
29        </intent>
30        <intent>
30-->[androidx.media2:media2-session:1.2.1] AndroidManifest.xml:31:9-33:18
31            <action android:name="androidx.media2.session.MediaLibraryService" />
31-->[androidx.media2:media2-session:1.2.1] AndroidManifest.xml:32:13-82
31-->[androidx.media2:media2-session:1.2.1] AndroidManifest.xml:32:21-79
32        </intent>
33    </queries>
34
35    <uses-permission android:name="android.permission.ACCESS_NETWORK_STATE" />
35-->[com.google.firebase:firebase-config:21.4.0] AndroidManifest.xml:24:5-79
35-->[com.google.firebase:firebase-config:21.4.0] AndroidManifest.xml:24:22-76
36
37    <application
38        android:name="android.app.Application"
38-->src/main/AndroidManifest.xml:7:9-42
39        android:appComponentFactory="androidx.core.app.CoreComponentFactory"
39-->[androidx.core:core:1.8.0] AndroidManifest.xml:24:18-86
40        android:extractNativeLibs="false"
41        android:icon="@mipmap/ic_launcher"
41-->src/main/AndroidManifest.xml:8:9-43
42        android:label="k8todonote"
42-->src/main/AndroidManifest.xml:6:9-35
43        android:usesCleartextTraffic="true"
43-->src/main/AndroidManifest.xml:9:9-44
44        android:value="true" >
44-->src/main/AndroidManifest.xml:10:9-29
45        <activity
45-->src/main/AndroidManifest.xml:12:9-35:20
46            android:name="com.example.k8todonote.MainActivity"
46-->src/main/AndroidManifest.xml:13:13-41
47            android:configChanges="orientation|keyboardHidden|keyboard|screenSize|smallestScreenSize|locale|layoutDirection|fontScale|screenLayout|density|uiMode"
47-->src/main/AndroidManifest.xml:17:13-163
48            android:exported="true"
48-->src/main/AndroidManifest.xml:14:13-36
49            android:hardwareAccelerated="true"
49-->src/main/AndroidManifest.xml:18:13-47
50            android:launchMode="singleTop"
50-->src/main/AndroidManifest.xml:15:13-43
51            android:theme="@style/LaunchTheme"
51-->src/main/AndroidManifest.xml:16:13-47
52            android:windowSoftInputMode="adjustResize" >
52-->src/main/AndroidManifest.xml:19:13-55
53
54            <!--
55                 Specifies an Android theme to apply to this Activity as soon as
56                 the Android process has started. This theme is visible to the user
57                 while the Flutter UI initializes. After that, this theme continues
58                 to determine the Window background behind the Flutter UI.
59            -->
60            <meta-data
60-->src/main/AndroidManifest.xml:27:13-30:17
61                android:name="io.flutter.embedding.android.NormalTheme"
61-->src/main/AndroidManifest.xml:28:15-70
62                android:resource="@style/NormalTheme" />
62-->src/main/AndroidManifest.xml:29:15-52
63
64            <intent-filter>
64-->src/main/AndroidManifest.xml:31:13-34:29
65                <action android:name="android.intent.action.MAIN" />
65-->src/main/AndroidManifest.xml:32:17-68
65-->src/main/AndroidManifest.xml:32:25-66
66
67                <category android:name="android.intent.category.LAUNCHER" />
67-->src/main/AndroidManifest.xml:33:17-76
67-->src/main/AndroidManifest.xml:33:27-74
68            </intent-filter>
69        </activity>
70        <!--
71             Don't delete the meta-data below.
72             This is used by the Flutter tool to generate GeneratedPluginRegistrant.java
73        -->
74        <meta-data
74-->src/main/AndroidManifest.xml:38:9-40:33
75            android:name="flutterEmbedding"
75-->src/main/AndroidManifest.xml:39:13-44
76            android:value="2" />
76-->src/main/AndroidManifest.xml:40:13-30
77
78        <service
78-->[:firebase_remote_config] AndroidManifest.xml:10:9-14:19
79            android:name="com.google.firebase.components.ComponentDiscoveryService"
79-->[:firebase_remote_config] AndroidManifest.xml:10:18-89
80            android:directBootAware="true"
80-->[com.google.firebase:firebase-common:20.3.2] AndroidManifest.xml:34:13-43
81            android:exported="false" >
81-->[com.google.firebase:firebase-config:21.4.0] AndroidManifest.xml:30:13-37
82            <meta-data
82-->[:firebase_remote_config] AndroidManifest.xml:11:13-13:85
83                android:name="com.google.firebase.components:io.flutter.plugins.firebase.firebaseremoteconfig.FlutterFirebaseAppRegistrar"
83-->[:firebase_remote_config] AndroidManifest.xml:12:17-139
84                android:value="com.google.firebase.components.ComponentRegistrar" />
84-->[:firebase_remote_config] AndroidManifest.xml:13:17-82
85            <meta-data
85-->[:firebase_core] AndroidManifest.xml:11:13-13:85
86                android:name="com.google.firebase.components:io.flutter.plugins.firebase.core.FlutterFirebaseCoreRegistrar"
86-->[:firebase_core] AndroidManifest.xml:12:17-124
87                android:value="com.google.firebase.components.ComponentRegistrar" />
87-->[:firebase_core] AndroidManifest.xml:13:17-82
88            <meta-data
88-->[com.google.firebase:firebase-config:21.4.0] AndroidManifest.xml:31:13-33:85
89                android:name="com.google.firebase.components:com.google.firebase.remoteconfig.RemoteConfigRegistrar"
89-->[com.google.firebase:firebase-config:21.4.0] AndroidManifest.xml:32:17-117
90                android:value="com.google.firebase.components.ComponentRegistrar" />
90-->[com.google.firebase:firebase-config:21.4.0] AndroidManifest.xml:33:17-82
91            <meta-data
91-->[com.google.firebase:firebase-abt:21.1.1] AndroidManifest.xml:12:13-14:85
92                android:name="com.google.firebase.components:com.google.firebase.abt.component.AbtRegistrar"
92-->[com.google.firebase:firebase-abt:21.1.1] AndroidManifest.xml:13:17-109
93                android:value="com.google.firebase.components.ComponentRegistrar" />
93-->[com.google.firebase:firebase-abt:21.1.1] AndroidManifest.xml:14:17-82
94            <meta-data
94-->[com.google.firebase:firebase-installations:17.1.3] AndroidManifest.xml:17:13-19:85
95                android:name="com.google.firebase.components:com.google.firebase.installations.FirebaseInstallationsRegistrar"
95-->[com.google.firebase:firebase-installations:17.1.3] AndroidManifest.xml:18:17-127
96                android:value="com.google.firebase.components.ComponentRegistrar" />
96-->[com.google.firebase:firebase-installations:17.1.3] AndroidManifest.xml:19:17-82
97        </service>
98        <service
98-->[:geolocator_android] AndroidManifest.xml:12:9-16:56
99            android:name="com.baseflow.geolocator.GeolocatorLocationService"
99-->[:geolocator_android] AndroidManifest.xml:13:13-77
100            android:enabled="true"
100-->[:geolocator_android] AndroidManifest.xml:14:13-35
101            android:exported="false"
101-->[:geolocator_android] AndroidManifest.xml:15:13-37
102            android:foregroundServiceType="location" />
102-->[:geolocator_android] AndroidManifest.xml:16:13-53
103        <service
103-->[:alarm] AndroidManifest.xml:16:9-19:40
104            android:name="com.gdelataillade.alarm.alarm.NotificationOnKillService"
104-->[:alarm] AndroidManifest.xml:17:13-83
105            android:enabled="true"
105-->[:alarm] AndroidManifest.xml:18:13-35
106            android:exported="false" />
106-->[:alarm] AndroidManifest.xml:19:13-37
107        <service
107-->[:alarm] AndroidManifest.xml:20:9-23:72
108            android:name="dev.fluttercommunity.plus.androidalarmmanager.AlarmService"
108-->[:alarm] AndroidManifest.xml:21:13-86
109            android:exported="false"
109-->[:alarm] AndroidManifest.xml:22:13-37
110            android:permission="android.permission.BIND_JOB_SERVICE" />
110-->[:alarm] AndroidManifest.xml:23:13-69
111
112        <receiver
112-->[:alarm] AndroidManifest.xml:25:9-27:40
113            android:name="dev.fluttercommunity.plus.androidalarmmanager.AlarmBroadcastReceiver"
113-->[:alarm] AndroidManifest.xml:26:13-96
114            android:exported="false" />
114-->[:alarm] AndroidManifest.xml:27:13-37
115        <receiver
115-->[:alarm] AndroidManifest.xml:28:9-35:20
116            android:name="dev.fluttercommunity.plus.androidalarmmanager.RebootBroadcastReceiver"
116-->[:alarm] AndroidManifest.xml:29:13-97
117            android:enabled="false"
117-->[:alarm] AndroidManifest.xml:30:13-36
118            android:exported="false" >
118-->[:alarm] AndroidManifest.xml:31:13-37
119            <intent-filter>
119-->[:alarm] AndroidManifest.xml:32:13-34:29
120                <action android:name="android.intent.action.BOOT_COMPLETED" />
120-->[:alarm] AndroidManifest.xml:33:17-79
120-->[:alarm] AndroidManifest.xml:33:25-76
121            </intent-filter>
122        </receiver>
123        <receiver
123-->[:flutter_local_notifications] AndroidManifest.xml:16:9-18:40
124            android:name="com.dexterous.flutterlocalnotifications.ActionBroadcastReceiver"
124-->[:flutter_local_notifications] AndroidManifest.xml:17:13-91
125            android:exported="false" />
125-->[:flutter_local_notifications] AndroidManifest.xml:18:13-37
126        <receiver
126-->[:flutter_local_notifications] AndroidManifest.xml:19:9-21:40
127            android:name="com.dexterous.flutterlocalnotifications.ScheduledNotificationReceiver"
127-->[:flutter_local_notifications] AndroidManifest.xml:20:13-97
128            android:exported="false" />
128-->[:flutter_local_notifications] AndroidManifest.xml:21:13-37
129        <receiver
129-->[:flutter_local_notifications] AndroidManifest.xml:22:9-31:20
130            android:name="com.dexterous.flutterlocalnotifications.ScheduledNotificationBootReceiver"
130-->[:flutter_local_notifications] AndroidManifest.xml:23:13-101
131            android:exported="false" >
131-->[:flutter_local_notifications] AndroidManifest.xml:24:13-37
132            <intent-filter>
132-->[:flutter_local_notifications] AndroidManifest.xml:25:13-30:29
133                <action android:name="android.intent.action.BOOT_COMPLETED" />
133-->[:alarm] AndroidManifest.xml:33:17-79
133-->[:alarm] AndroidManifest.xml:33:25-76
134                <action android:name="android.intent.action.MY_PACKAGE_REPLACED" />
134-->[:flutter_local_notifications] AndroidManifest.xml:27:17-84
134-->[:flutter_local_notifications] AndroidManifest.xml:27:25-81
135                <action android:name="android.intent.action.QUICKBOOT_POWERON" />
135-->[:flutter_local_notifications] AndroidManifest.xml:28:17-82
135-->[:flutter_local_notifications] AndroidManifest.xml:28:25-79
136                <action android:name="com.htc.intent.action.QUICKBOOT_POWERON" />
136-->[:flutter_local_notifications] AndroidManifest.xml:29:17-82
136-->[:flutter_local_notifications] AndroidManifest.xml:29:25-79
137            </intent-filter>
138        </receiver>
139
140        <activity
140-->[:url_launcher_android] AndroidManifest.xml:10:9-13:74
141            android:name="io.flutter.plugins.urllauncher.WebViewActivity"
141-->[:url_launcher_android] AndroidManifest.xml:11:13-74
142            android:exported="false"
142-->[:url_launcher_android] AndroidManifest.xml:12:13-37
143            android:theme="@android:style/Theme.NoTitleBar.Fullscreen" />
143-->[:url_launcher_android] AndroidManifest.xml:13:13-71
144        <activity
144-->[:flutter_inappwebview] AndroidManifest.xml:16:9-20:47
145            android:name="com.pichillilorenzo.flutter_inappwebview.in_app_browser.InAppBrowserActivity"
145-->[:flutter_inappwebview] AndroidManifest.xml:17:13-104
146            android:configChanges="orientation|keyboardHidden|keyboard|screenSize|locale|layoutDirection|fontScale|screenLayout|density"
146-->[:flutter_inappwebview] AndroidManifest.xml:18:13-137
147            android:exported="false"
147-->[:flutter_inappwebview] AndroidManifest.xml:19:13-37
148            android:theme="@style/AppTheme" />
148-->[:flutter_inappwebview] AndroidManifest.xml:20:13-44
149        <activity
149-->[:flutter_inappwebview] AndroidManifest.xml:21:9-24:55
150            android:name="com.pichillilorenzo.flutter_inappwebview.chrome_custom_tabs.ChromeCustomTabsActivity"
150-->[:flutter_inappwebview] AndroidManifest.xml:22:13-112
151            android:exported="false"
151-->[:flutter_inappwebview] AndroidManifest.xml:23:13-37
152            android:theme="@style/ThemeTransparent" />
152-->[:flutter_inappwebview] AndroidManifest.xml:24:13-52
153        <activity
153-->[:flutter_inappwebview] AndroidManifest.xml:25:9-28:55
154            android:name="com.pichillilorenzo.flutter_inappwebview.chrome_custom_tabs.TrustedWebActivity"
154-->[:flutter_inappwebview] AndroidManifest.xml:26:13-106
155            android:exported="false"
155-->[:flutter_inappwebview] AndroidManifest.xml:27:13-37
156            android:theme="@style/ThemeTransparent" />
156-->[:flutter_inappwebview] AndroidManifest.xml:28:13-52
157        <activity
157-->[:flutter_inappwebview] AndroidManifest.xml:29:9-33:55
158            android:name="com.pichillilorenzo.flutter_inappwebview.chrome_custom_tabs.ChromeCustomTabsActivitySingleInstance"
158-->[:flutter_inappwebview] AndroidManifest.xml:30:13-126
159            android:exported="false"
159-->[:flutter_inappwebview] AndroidManifest.xml:31:13-37
160            android:launchMode="singleInstance"
160-->[:flutter_inappwebview] AndroidManifest.xml:32:13-48
161            android:theme="@style/ThemeTransparent" />
161-->[:flutter_inappwebview] AndroidManifest.xml:33:13-52
162        <activity
162-->[:flutter_inappwebview] AndroidManifest.xml:34:9-38:55
163            android:name="com.pichillilorenzo.flutter_inappwebview.chrome_custom_tabs.TrustedWebActivitySingleInstance"
163-->[:flutter_inappwebview] AndroidManifest.xml:35:13-120
164            android:exported="false"
164-->[:flutter_inappwebview] AndroidManifest.xml:36:13-37
165            android:launchMode="singleInstance"
165-->[:flutter_inappwebview] AndroidManifest.xml:37:13-48
166            android:theme="@style/ThemeTransparent" />
166-->[:flutter_inappwebview] AndroidManifest.xml:38:13-52
167
168        <receiver
168-->[:flutter_inappwebview] AndroidManifest.xml:40:9-43:40
169            android:name="com.pichillilorenzo.flutter_inappwebview.chrome_custom_tabs.ActionBroadcastReceiver"
169-->[:flutter_inappwebview] AndroidManifest.xml:41:13-111
170            android:enabled="true"
170-->[:flutter_inappwebview] AndroidManifest.xml:42:13-35
171            android:exported="false" />
171-->[:flutter_inappwebview] AndroidManifest.xml:43:13-37
172
173        <meta-data
173-->[:flutter_inappwebview] AndroidManifest.xml:45:9-47:36
174            android:name="io.flutter.embedded_views_preview"
174-->[:flutter_inappwebview] AndroidManifest.xml:46:13-61
175            android:value="true" />
175-->[:flutter_inappwebview] AndroidManifest.xml:47:13-33
176
177        <uses-library
177-->[androidx.window:window:1.0.0-beta04] AndroidManifest.xml:25:9-27:40
178            android:name="androidx.window.extensions"
178-->[androidx.window:window:1.0.0-beta04] AndroidManifest.xml:26:13-54
179            android:required="false" />
179-->[androidx.window:window:1.0.0-beta04] AndroidManifest.xml:27:13-37
180        <uses-library
180-->[androidx.window:window:1.0.0-beta04] AndroidManifest.xml:28:9-30:40
181            android:name="androidx.window.sidecar"
181-->[androidx.window:window:1.0.0-beta04] AndroidManifest.xml:29:13-51
182            android:required="false" />
182-->[androidx.window:window:1.0.0-beta04] AndroidManifest.xml:30:13-37
183
184        <activity
184-->[com.google.android.gms:play-services-base:17.0.0] AndroidManifest.xml:23:9-26:75
185            android:name="com.google.android.gms.common.api.GoogleApiActivity"
185-->[com.google.android.gms:play-services-base:17.0.0] AndroidManifest.xml:24:13-79
186            android:exported="false"
186-->[com.google.android.gms:play-services-base:17.0.0] AndroidManifest.xml:25:13-37
187            android:theme="@android:style/Theme.Translucent.NoTitleBar" />
187-->[com.google.android.gms:play-services-base:17.0.0] AndroidManifest.xml:26:13-72
188
189        <provider
189-->[com.google.firebase:firebase-common:20.3.2] AndroidManifest.xml:25:9-30:39
190            android:name="com.google.firebase.provider.FirebaseInitProvider"
190-->[com.google.firebase:firebase-common:20.3.2] AndroidManifest.xml:26:13-77
191            android:authorities="com.example.k8todonote.firebaseinitprovider"
191-->[com.google.firebase:firebase-common:20.3.2] AndroidManifest.xml:27:13-72
192            android:directBootAware="true"
192-->[com.google.firebase:firebase-common:20.3.2] AndroidManifest.xml:28:13-43
193            android:exported="false"
193-->[com.google.firebase:firebase-common:20.3.2] AndroidManifest.xml:29:13-37
194            android:initOrder="100" />
194-->[com.google.firebase:firebase-common:20.3.2] AndroidManifest.xml:30:13-36
195
196        <meta-data
196-->[com.google.android.gms:play-services-basement:18.1.0] AndroidManifest.xml:21:9-23:69
197            android:name="com.google.android.gms.version"
197-->[com.google.android.gms:play-services-basement:18.1.0] AndroidManifest.xml:22:13-58
198            android:value="@integer/google_play_services_version" />
198-->[com.google.android.gms:play-services-basement:18.1.0] AndroidManifest.xml:23:13-66
199
200        <provider
200-->[androidx.emoji2:emoji2:1.2.0] AndroidManifest.xml:24:9-32:20
201            android:name="androidx.startup.InitializationProvider"
201-->[androidx.emoji2:emoji2:1.2.0] AndroidManifest.xml:25:13-67
202            android:authorities="com.example.k8todonote.androidx-startup"
202-->[androidx.emoji2:emoji2:1.2.0] AndroidManifest.xml:26:13-68
203            android:exported="false" >
203-->[androidx.emoji2:emoji2:1.2.0] AndroidManifest.xml:27:13-37
204            <meta-data
204-->[androidx.emoji2:emoji2:1.2.0] AndroidManifest.xml:29:13-31:52
205                android:name="androidx.emoji2.text.EmojiCompatInitializer"
205-->[androidx.emoji2:emoji2:1.2.0] AndroidManifest.xml:30:17-75
206                android:value="androidx.startup" />
206-->[androidx.emoji2:emoji2:1.2.0] AndroidManifest.xml:31:17-49
207            <meta-data
207-->[androidx.lifecycle:lifecycle-process:2.4.1] AndroidManifest.xml:31:13-33:52
208                android:name="androidx.lifecycle.ProcessLifecycleInitializer"
208-->[androidx.lifecycle:lifecycle-process:2.4.1] AndroidManifest.xml:32:17-78
209                android:value="androidx.startup" />
209-->[androidx.lifecycle:lifecycle-process:2.4.1] AndroidManifest.xml:33:17-49
210        </provider>
211    </application>
212
213</manifest>